build/app/outputs/mapping/release/seeds.txt
com.o3interactive.ijawnation.MainActivity: MainActivity()
com.o3interactive.ijawnation.MainActivity
...
com.pichillilorenzo.flutter_inappwebview.in_app_webview.ThreadedInputConnectionProxyAdapterView: android.view.inputmethod.InputConnection cachedConnection
com.pichillilorenzo.flutter_inappwebview.R$style: int Theme_AppCompat_DialogWhenLarge
androidx.window.core.Bounds: boolean isZero()
com.pichillilorenzo.flutter_inappwebview.R$attr: int track
androidx.work.ListenableWorker: android.net.Network getNetwork()
com.pichillilorenzo.flutter_inappwebview.JavaScriptBridgeInterface$2: java.lang.String val$_callHandlerID
com.pichillilorenzo.flutter_inappwebview.R$attr: int paddingBottomNoButtons
androidx.swiperefreshlayout.widget.SwipeRefreshLayout: void setDistanceToTriggerSync(int)
com.pichillilorenzo.flutter_inappwebview.in_app_webview.InAppWebView$8: com.pichillilorenzo.flutter_inappwebview.in_app_webview.InAppWebView this$0
com.pichillilorenzo.flutter_inappwebview.R$dimen: int compat_button_inset_horizontal_material
com.pichillilorenzo.flutter_inappwebview.R$style: int Base_Widget_AppCompat_DrawerArrowToggle
com.pichillilorenzo.flutter_inappwebview.credential_database.CredentialDatabaseHelper: void onUpgrade(android.database.sqlite.SQLiteDatabase,int,int)
kotlinx.coroutines.internal.ScopeCoroutine
com.pichillilorenzo.flutter_inappwebview.content_blocker.ContentBlockerHandler
com.pichillilorenzo.flutter_inappwebview.R$attr: int divider
com.pichillilorenzo.flutter_inappwebview.credential_database.CredentialDatabase: com.pichillilorenzo.flutter_inappwebview.credential_database.CredentialDatabaseHelper db
androidx.core.widget.NestedScrollView: int getNestedScrollAxes()
androidx.window.layout.SidecarCompat: void registerConfigurationChangeListener(android.app.Activity)
com.pichillilorenzo.flutter_inappwebview.headless_in_app_webview.HeadlessInAppWebView: com.pichillilorenzo.flutter_inappwebview.in_app_webview.FlutterWebView flutterWebView
com.google.android.gms.common.ConnectionResult: android.os.Parcelable$Creator CREATOR
com.google.android.exoplayer2.audio.AudioCapabilities$Api29: int[] getDirectPlaybackSupportedEncodings()
androidx.appcompat.widget.Toolbar: android.content.Context getPopupContext()
androidx.appcompat.widget.AppCompatRadioButton: void setSupportButtonTintList(android.content.res.ColorStateList)
io.flutter.embedding.engine.FlutterJNI: boolean isCodePointEmojiModifier(int)
com.google.android.gms.internal.ads.zzfyp: int zzb
com.pichillilorenzo.flutter_inappwebview.R$style: int TextAppearance_AppCompat_Widget_ActionBar_Menu
io.flutter.embedding.engine.FlutterJNI: void addIsDisplayingFlutterUiListener(io.flutter.embedding.engine.renderer.FlutterUiDisplayListener)
io.flutter.plugins.firebase.core.FlutterFirebasePlugin: com.google.android.gms.tasks.Task didReinitializeFirebaseCore()
com.pichillilorenzo.flutter_inappwebview.R$style: int Base_TextAppearance_AppCompat_Button
io.flutter.view.FlutterView$ZeroSides: io.flutter.view.FlutterView$ZeroSides valueOf(java.lang.String)
com.pichillilorenzo.flutter_inappwebview.R$style: int TextAppearance_AppCompat_Widget_ActionMode_Title_Inverse
androidx.appcompat.widget.ButtonBarLayout: int getMinimumHeight()
com.pichillilorenzo.flutter_inappwebview.JavaScriptBridgeInterface$2
com.pichillilorenzo.flutter_inappwebview.credential_database.URLCredentialDao: long insert(com.pichillilorenzo.flutter_inappwebview.types.URLCredential)
com.pichillilorenzo.flutter_inappwebview.R$dimen: int notification_right_icon_size
com.pichillilorenzo.flutter_inappwebview.types.PreferredContentModeOptionType: PreferredContentModeOptionType(java.lang.String,int,int)
androidx.window.embedding.SplitRule: int getMinSmallestWidth()
kotlin.coroutines.jvm.internal.SuspendLambda: int getArity()
androidx.swiperefreshlayout.widget.SwipeRefreshLayout: int CIRCLE_DIAMETER_LARGE
com.pichillilorenzo.flutter_inappwebview.in_app_webview.InAppWebView$4$1: void onReceiveValue(java.lang.Object)
io.flutter.embedding.engine.FlutterJNI: float refreshRateFPS