build/app/outputs/mapping/release/usage.txt
com.o3interactive.ijawnation.R$bool
com.o3interactive.ijawnation.R$attr
com.o3interactive.ijawnation.R$font
com.o3interactive.ijawnation.R$xml
com.o3interactive.ijawnation.R
com.o3interactive.ijawnation.R$id
com.o3interactive.ijawnation.R$styleable
com.o3interactive.ijawnation.R$array
com.o3interactive.ijawnation.BuildConfig
com.o3interactive.ijawnation.R$plurals
com.o3interactive.ijawnation.R$anim
com.o3interactive.ijawnation.R$integer
com.o3interactive.ijawnation.R$style
com.o3interactive.ijawnation.R$dimen
com.o3interactive.ijawnation.R$color
com.o3interactive.ijawnation.R$string
com.o3interactive.ijawnation.R$layout
com.o3interactive.ijawnation.R$interpolator
com.o3interactive.ijawnation.R$drawable
com.o3interactive.ijawnation.R$menu
com.o3interactive.ijawnation.R$mipmap
...
androidx.webkit.ProxyConfig$Builder
com.google.common.collect.FilteredEntryMultimap$Keys
com.google.android.ump.ConsentDebugSettings$Builder
androidx.appcompat.view.menu.MenuItemWrapperICS$ActionProviderWrapperJB:
    public void refreshVisibility()
androidx.versionedparcelable.VersionedParcelize
com.google.android.datatransport.runtime.dagger.internal.InstanceFactory:
    public static com.google.android.datatransport.runtime.dagger.internal.Factory createNullable(java.lang.Object)
    private static com.google.android.datatransport.runtime.dagger.internal.InstanceFactory nullInstanceFactory()
com.google.android.exoplayer2.source.hls.R
com.google.common.collect.AbstractRangeSet
androidx.room.RoomOpenHelper$Delegate:
    protected void validateMigration(androidx.sqlite.db.SupportSQLiteDatabase)
com.google.common.collect.RegularImmutableTable$CellSet
com.google.common.escape.CharEscaper
com.google.android.exoplayer2.extractor.mp4.Atom$ContainerAtom:
    public int getChildAtomOfTypeCount(int)
androidx.vectordrawable.graphics.drawable.AnimatorInflaterCompat$PathDataEvaluator:
    void <init>(androidx.core.graphics.PathParser$PathDataNode[])
com.google.common.collect.RegularImmutableAsList
kotlinx.coroutines.selects.SelectClause2
org.junit.experimental.theories.internal.ParameterizedAssertionError
kotlin.text.CharDirectionality$Companion$directionalityMap$2
com.google.firebase.installations.FirebaseInstallationsException:
    public void <init>(java.lang.String,com.google.firebase.installations.FirebaseInstallationsException$Status,java.lang.Throwable)
    public com.google.firebase.installations.FirebaseInstallationsException$Status getStatus()
androidx.appcompat.app.WindowDecorActionBar$ActionModeImpl:
    public void onCloseMenu(androidx.appcompat.view.menu.MenuBuilder,boolean)
    public boolean onSubMenuSelected(androidx.appcompat.view.menu.SubMenuBuilder)
    public void onCloseSubMenu(androidx.appcompat.view.menu.SubMenuBuilder)
com.google.android.exoplayer2.video.package-info
io.flutter.plugins.firebase.messaging.R$id
kotlin.sequences.SequencesKt___SequencesKt$requireNoNulls$1
kotlinx.coroutines.sync.Mutex$DefaultImpls
kotlinx.coroutines.channels.ArrayBroadcastChannel$Subscriber
com.google.common.hash.MessageDigestHashFunction$MessageDigestHasher
com.google.common.util.concurrent.TrustedListenableFutureTask$TrustedFutureInterruptibleAsyncTask
androidx.media.MediaBrowserServiceCompat$MediaBrowserServiceImplApi21$MediaBrowserServiceApi21
com.google.common.graph.DirectedGraphConnections$2
com.google.android.gms.internal.ads.zzcdv:
    private void <init>()
kotlin.internal.ContractsDsl
org.checkerframework.checker.initialization.qual.Initialized
kotlin.sequences.SequencesKt___SequencesKt$flatMapIndexed$2
okhttp3.internal.connection.Exchange:
    public okhttp3.Headers trailers()
    public void timeoutEarlyExit()
    public okhttp3.internal.ws.RealWebSocket$Streams newWebSocketStreams()
    public void webSocketUpgradeFailed()
kotlinx.coroutines.selects.SelectBuilderImpl$onTimeout$$inlined$Runnable$1
kotlinx.coroutines.flow.FlowKt__MigrationKt$switchMap$$inlined$flatMapLatest$1
com.google.common.collect.MultimapBuilder$MultimapBuilderWithKeys$4
com.google.android.exoplayer2.Player$Command
com.google.common.math.BigDecimalMath
com.google.firebase.analytics.FirebaseAnalytics:
    static synthetic bridge com.google.android.gms.internal.measurement.zzee zza(com.google.firebase.analytics.FirebaseAnalytics)
    public com.google.android.gms.tasks.Task getAppInstanceId()
    private java.util.concurrent.ExecutorService zzc